org.apache.http.client.protocol.RequestAddCookies 2018-01-04 21:22:54,179 org.apache.http.client.protocol.RequestAddCookies.process(RequestAddCookies.java:122) CookieSpec selected: default 
org.apache.http.client.protocol.RequestAuthCache 2018-01-04 21:22:54,206 org.apache.http.client.protocol.RequestAuthCache.process(RequestAuthCache.java:76) Auth cache not set in the context 
org.apache.http.impl.conn.PoolingHttpClientConnectionManager 2018-01-04 21:22:54,206 org.apache.http.impl.conn.PoolingHttpClientConnectionManager.requestConnection(PoolingHttpClientConnectionManager.java:249) Connection request: [route: {}->http://localhost:20174][total kept alive: 0; route allocated: 0 of 2000; total allocated: 0 of 2000] 
org.apache.http.impl.conn.PoolingHttpClientConnectionManager 2018-01-04 21:22:54,231 org.apache.http.impl.conn.PoolingHttpClientConnectionManager.leaseConnection(PoolingHttpClientConnectionManager.java:282) Connection leased: [id: 0][route: {}->http://localhost:20174][total kept alive: 0; route allocated: 1 of 2000; total allocated: 1 of 2000] 
org.apache.http.impl.execchain.MainClientExec 2018-01-04 21:22:54,247 org.apache.http.impl.execchain.MainClientExec.execute(MainClientExec.java:234) Opening connection {}->http://localhost:20174 
org.apache.http.impl.conn.DefaultHttpClientConnectionOperator 2018-01-04 21:22:54,247 org.apache.http.impl.conn.DefaultHttpClientConnectionOperator.connect(DefaultHttpClientConnectionOperator.java:131) Connecting to localhost/127.0.0.1:20174 
org.apache.http.impl.conn.DefaultHttpClientConnectionOperator 2018-01-04 21:22:54,247 org.apache.http.impl.conn.DefaultHttpClientConnectionOperator.connect(DefaultHttpClientConnectionOperator.java:138) Connection established 127.0.0.1:62000<->127.0.0.1:20174 
org.apache.http.impl.conn.DefaultManagedHttpClientConnection 2018-01-04 21:22:54,247 org.apache.http.impl.conn.LoggingManagedHttpClientConnection.setSocketTimeout(LoggingManagedHttpClientConnection.java:90) http-outgoing-0: set socket timeout to 10800000 
org.apache.http.impl.execchain.MainClientExec 2018-01-04 21:22:54,247 org.apache.http.impl.execchain.MainClientExec.execute(MainClientExec.java:255) Executing request POST /session HTTP/1.1 
org.apache.http.impl.execchain.MainClientExec 2018-01-04 21:22:54,247 org.apache.http.impl.execchain.MainClientExec.execute(MainClientExec.java:260) Target auth state: UNCHALLENGED 
org.apache.http.impl.execchain.MainClientExec 2018-01-04 21:22:54,247 org.apache.http.impl.execchain.MainClientExec.execute(MainClientExec.java:266) Proxy auth state: UNCHALLENGED 
org.apache.http.headers 2018-01-04 21:22:54,263 org.apache.http.impl.conn.LoggingManagedHttpClientConnection.onRequestSubmitted(LoggingManagedHttpClientConnection.java:135) http-outgoing-0 >> POST /session HTTP/1.1 
org.apache.http.headers 2018-01-04 21:22:54,263 org.apache.http.impl.conn.LoggingManagedHttpClientConnection.onRequestSubmitted(LoggingManagedHttpClientConnection.java:138) http-outgoing-0 >> Content-Type: application/json; charset=utf-8 
org.apache.http.headers 2018-01-04 21:22:54,263 org.apache.http.impl.conn.LoggingManagedHttpClientConnection.onRequestSubmitted(LoggingManagedHttpClientConnection.java:138) http-outgoing-0 >> Content-Length: 122 
org.apache.http.headers 2018-01-04 21:22:54,263 org.apache.http.impl.conn.LoggingManagedHttpClientConnection.onRequestSubmitted(LoggingManagedHttpClientConnection.java:138) http-outgoing-0 >> Host: localhost:20174 
org.apache.http.headers 2018-01-04 21:22:54,263 org.apache.http.impl.conn.LoggingManagedHttpClientConnection.onRequestSubmitted(LoggingManagedHttpClientConnection.java:138) http-outgoing-0 >> Connection: Keep-Alive 
org.apache.http.headers 2018-01-04 21:22:54,263 org.apache.http.impl.conn.LoggingManagedHttpClientConnection.onRequestSubmitted(LoggingManagedHttpClientConnection.java:138) http-outgoing-0 >> User-Agent: Apache-HttpClient/4.5.1 (Java/1.8.0_91) 
org.apache.http.headers 2018-01-04 21:22:54,263 org.apache.http.impl.conn.LoggingManagedHttpClientConnection.onRequestSubmitted(LoggingManagedHttpClientConnection.java:138) http-outgoing-0 >> Accept-Encoding: gzip,deflate 
org.apache.http.wire 2018-01-04 21:22:54,263 org.apache.http.impl.conn.Wire.wire(Wire.java:72) http-outgoing-0 >> "POST /session HTTP/1.1[\r][\n]" 
org.apache.http.wire 2018-01-04 21:22:54,263 org.apache.http.impl.conn.Wire.wire(Wire.java:72) http-outgoing-0 >> "Content-Type: application/json; charset=utf-8[\r][\n]" 
org.apache.http.wire 2018-01-04 21:22:54,263 org.apache.http.impl.conn.Wire.wire(Wire.java:72) http-outgoing-0 >> "Content-Length: 122[\r][\n]" 
org.apache.http.wire 2018-01-04 21:22:54,263 org.apache.http.impl.conn.Wire.wire(Wire.java:72) http-outgoing-0 >> "Host: localhost:20174[\r][\n]" 
org.apache.http.wire 2018-01-04 21:22:54,263 org.apache.http.impl.conn.Wire.wire(Wire.java:72) http-outgoing-0 >> "Connection: Keep-Alive[\r][\n]" 
org.apache.http.wire 2018-01-04 21:22:54,263 org.apache.http.impl.conn.Wire.wire(Wire.java:72) http-outgoing-0 >> "User-Agent: Apache-HttpClient/4.5.1 (Java/1.8.0_91)[\r][\n]" 
org.apache.http.wire 2018-01-04 21:22:54,263 org.apache.http.impl.conn.Wire.wire(Wire.java:72) http-outgoing-0 >> "Accept-Encoding: gzip,deflate[\r][\n]" 
org.apache.http.wire 2018-01-04 21:22:54,263 org.apache.http.impl.conn.Wire.wire(Wire.java:72) http-outgoing-0 >> "[\r][\n]" 
org.apache.http.wire 2018-01-04 21:22:54,263 org.apache.http.impl.conn.Wire.wire(Wire.java:86) http-outgoing-0 >> "{"desiredCapabilities":{"browserName":"chrome","chromeOptions":{"args":[],"extensions":[]},"version":"","platform":"ANY"}}" 
org.apache.http.wire 2018-01-04 21:22:58,478 org.apache.http.impl.conn.Wire.wire(Wire.java:72) http-outgoing-0 << "HTTP/1.1 200 OK[\r][\n]" 
org.apache.http.wire 2018-01-04 21:22:58,478 org.apache.http.impl.conn.Wire.wire(Wire.java:72) http-outgoing-0 << "Content-Length:778[\r][\n]" 
org.apache.http.wire 2018-01-04 21:22:58,478 org.apache.http.impl.conn.Wire.wire(Wire.java:72) http-outgoing-0 << "Content-Type:application/json; charset=utf-8[\r][\n]" 
org.apache.http.wire 2018-01-04 21:22:58,489 org.apache.http.impl.conn.Wire.wire(Wire.java:72) http-outgoing-0 << "Connection:close[\r][\n]" 
org.apache.http.wire 2018-01-04 21:22:58,490 org.apache.http.impl.conn.Wire.wire(Wire.java:72) http-outgoing-0 << "[\r][\n]" 
org.apache.http.wire 2018-01-04 21:22:58,492 org.apache.http.impl.conn.Wire.wire(Wire.java:86) http-outgoing-0 << "{"sessionId":"48d9de4dfa3f193d5ddfd629ddebeb14","status":0,"value":{"acceptSslCerts":true,"applicationCacheEnabled":false,"browserConnectionEnabled":false,"browserName":"chrome","chrome":{"chromedriverVersion":"2.30.477700 (0057494ad8732195794a7b32078424f92a5fce41)","userDataDir":"C:\\Users\\rohit\\AppData\\Local\\Temp\\scoped_dir5348_26568"},"cssSelectorsEnabled":true,"databaseEnabled":false,"handlesAlerts":true,"hasTouchScreen":false,"javascriptEnabled":true,"locationContextEnabled":true,"mobileEmulationEnabled":false,"nativeEvents":true,"networkConnectionEnabled":false,"pageLoadStrategy":"normal","platform":"Windows NT","rotatable":false,"takesHeapSnapshot":true,"takesScreenshot":true,"unexpectedAlertBehaviour":"","version":"63.0.3239.84","webStorageEnabled":true}}" 
org.apache.http.headers 2018-01-04 21:22:58,494 org.apache.http.impl.conn.LoggingManagedHttpClientConnection.onResponseReceived(LoggingManagedHttpClientConnection.java:124) http-outgoing-0 << HTTP/1.1 200 OK 
org.apache.http.headers 2018-01-04 21:22:58,494 org.apache.http.impl.conn.LoggingManagedHttpClientConnection.onResponseReceived(LoggingManagedHttpClientConnection.java:127) http-outgoing-0 << Content-Length:778 
org.apache.http.headers 2018-01-04 21:22:58,494 org.apache.http.impl.conn.LoggingManagedHttpClientConnection.onResponseReceived(LoggingManagedHttpClientConnection.java:127) http-outgoing-0 << Content-Type:application/json; charset=utf-8 
org.apache.http.headers 2018-01-04 21:22:58,494 org.apache.http.impl.conn.LoggingManagedHttpClientConnection.onResponseReceived(LoggingManagedHttpClientConnection.java:127) http-outgoing-0 << Connection:close 
org.apache.http.impl.conn.DefaultManagedHttpClientConnection 2018-01-04 21:22:58,652 org.apache.http.impl.conn.LoggingManagedHttpClientConnection.close(LoggingManagedHttpClientConnection.java:81) http-outgoing-0: Close connection 
org.apache.http.impl.execchain.MainClientExec 2018-01-04 21:22:58,652 org.apache.http.impl.execchain.ConnectionHolder.releaseConnection(ConnectionHolder.java:103) Connection discarded 
org.apache.http.impl.conn.PoolingHttpClientConnectionManager 2018-01-04 21:22:58,652 org.apache.http.impl.conn.PoolingHttpClientConnectionManager.releaseConnection(PoolingHttpClientConnectionManager.java:320) Connection released: [id: 0][route: {}->http://localhost:20174][total kept alive: 0; route allocated: 0 of 2000; total allocated: 0 of 2000] 
org.apache.http.client.protocol.RequestAddCookies 2018-01-04 21:22:58,844 org.apache.http.client.protocol.RequestAddCookies.process(RequestAddCookies.java:122) CookieSpec selected: default 
org.apache.http.client.protocol.RequestAuthCache 2018-01-04 21:22:58,844 org.apache.http.client.protocol.RequestAuthCache.process(RequestAuthCache.java:76) Auth cache not set in the context 
org.apache.http.impl.conn.PoolingHttpClientConnectionManager 2018-01-04 21:22:58,844 org.apache.http.impl.conn.PoolingHttpClientConnectionManager.requestConnection(PoolingHttpClientConnectionManager.java:249) Connection request: [route: {}->http://localhost:20174][total kept alive: 0; route allocated: 0 of 2000; total allocated: 0 of 2000] 
org.apache.http.impl.conn.PoolingHttpClientConnectionManager 2018-01-04 21:22:58,844 org.apache.http.impl.conn.PoolingHttpClientConnectionManager.leaseConnection(PoolingHttpClientConnectionManager.java:282) Connection leased: [id: 1][route: {}->http://localhost:20174][total kept alive: 0; route allocated: 1 of 2000; total allocated: 1 of 2000] 
org.apache.http.impl.execchain.MainClientExec 2018-01-04 21:22:58,859 org.apache.http.impl.execchain.MainClientExec.execute(MainClientExec.java:234) Opening connection {}->http://localhost:20174 
org.apache.http.impl.conn.DefaultHttpClientConnectionOperator 2018-01-04 21:22:58,859 org.apache.http.impl.conn.DefaultHttpClientConnectionOperator.connect(DefaultHttpClientConnectionOperator.java:131) Connecting to localhost/127.0.0.1:20174 
org.apache.http.impl.conn.DefaultHttpClientConnectionOperator 2018-01-04 21:22:58,859 org.apache.http.impl.conn.DefaultHttpClientConnectionOperator.connect(DefaultHttpClientConnectionOperator.java:138) Connection established 127.0.0.1:62010<->127.0.0.1:20174 
org.apache.http.impl.conn.DefaultManagedHttpClientConnection 2018-01-04 21:22:58,859 org.apache.http.impl.conn.LoggingManagedHttpClientConnection.setSocketTimeout(LoggingManagedHttpClientConnection.java:90) http-outgoing-1: set socket timeout to 10800000 
org.apache.http.impl.execchain.MainClientExec 2018-01-04 21:22:58,859 org.apache.http.impl.execchain.MainClientExec.execute(MainClientExec.java:255) Executing request POST /session/48d9de4dfa3f193d5ddfd629ddebeb14/window/current/maximize HTTP/1.1 
org.apache.http.impl.execchain.MainClientExec 2018-01-04 21:22:58,859 org.apache.http.impl.execchain.MainClientExec.execute(MainClientExec.java:260) Target auth state: UNCHALLENGED 
org.apache.http.impl.execchain.MainClientExec 2018-01-04 21:22:58,859 org.apache.http.impl.execchain.MainClientExec.execute(MainClientExec.java:266) Proxy auth state: UNCHALLENGED 
org.apache.http.headers 2018-01-04 21:22:58,859 org.apache.http.impl.conn.LoggingManagedHttpClientConnection.onRequestSubmitted(LoggingManagedHttpClientConnection.java:135) http-outgoing-1 >> POST /session/48d9de4dfa3f193d5ddfd629ddebeb14/window/current/maximize HTTP/1.1 
org.apache.http.headers 2018-01-04 21:22:58,859 org.apache.http.impl.conn.LoggingManagedHttpClientConnection.onRequestSubmitted(LoggingManagedHttpClientConnection.java:138) http-outgoing-1 >> Content-Type: application/json; charset=utf-8 
org.apache.http.headers 2018-01-04 21:22:58,859 org.apache.http.impl.conn.LoggingManagedHttpClientConnection.onRequestSubmitted(LoggingManagedHttpClientConnection.java:138) http-outgoing-1 >> Content-Length: 26 
org.apache.http.headers 2018-01-04 21:22:58,859 org.apache.http.impl.conn.LoggingManagedHttpClientConnection.onRequestSubmitted(LoggingManagedHttpClientConnection.java:138) http-outgoing-1 >> Host: localhost:20174 
org.apache.http.headers 2018-01-04 21:22:58,859 org.apache.http.impl.conn.LoggingManagedHttpClientConnection.onRequestSubmitted(LoggingManagedHttpClientConnection.java:138) http-outgoing-1 >> Connection: Keep-Alive 
org.apache.http.headers 2018-01-04 21:22:58,859 org.apache.http.impl.conn.LoggingManagedHttpClientConnection.onRequestSubmitted(LoggingManagedHttpClientConnection.java:138) http-outgoing-1 >> User-Agent: Apache-HttpClient/4.5.1 (Java/1.8.0_91) 
org.apache.http.headers 2018-01-04 21:22:58,859 org.apache.http.impl.conn.LoggingManagedHttpClientConnection.onRequestSubmitted(LoggingManagedHttpClientConnection.java:138) http-outgoing-1 >> Accept-Encoding: gzip,deflate 
org.apache.http.wire 2018-01-04 21:22:58,859 org.apache.http.impl.conn.Wire.wire(Wire.java:72) http-outgoing-1 >> "POST /session/48d9de4dfa3f193d5ddfd629ddebeb14/window/current/maximize HTTP/1.1[\r][\n]" 
org.apache.http.wire 2018-01-04 21:22:58,875 org.apache.http.impl.conn.Wire.wire(Wire.java:72) http-outgoing-1 >> "Content-Type: application/json; charset=utf-8[\r][\n]" 
org.apache.http.wire 2018-01-04 21:22:58,875 org.apache.http.impl.conn.Wire.wire(Wire.java:72) http-outgoing-1 >> "Content-Length: 26[\r][\n]" 
org.apache.http.wire 2018-01-04 21:22:58,875 org.apache.http.impl.conn.Wire.wire(Wire.java:72) http-outgoing-1 >> "Host: localhost:20174[\r][\n]" 
org.apache.http.wire 2018-01-04 21:22:58,875 org.apache.http.impl.conn.Wire.wire(Wire.java:72) http-outgoing-1 >> "Connection: Keep-Alive[\r][\n]" 
org.apache.http.wire 2018-01-04 21:22:58,877 org.apache.http.impl.conn.Wire.wire(Wire.java:72) http-outgoing-1 >> "User-Agent: Apache-HttpClient/4.5.1 (Java/1.8.0_91)[\r][\n]" 
org.apache.http.wire 2018-01-04 21:22:58,877 org.apache.http.impl.conn.Wire.wire(Wire.java:72) http-outgoing-1 >> "Accept-Encoding: gzip,deflate[\r][\n]" 
org.apache.http.wire 2018-01-04 21:22:58,877 org.apache.http.impl.conn.Wire.wire(Wire.java:72) http-outgoing-1 >> "[\r][\n]" 
org.apache.http.wire 2018-01-04 21:22:58,877 org.apache.http.impl.conn.Wire.wire(Wire.java:86) http-outgoing-1 >> "{"windowHandle":"current"}" 
org.apache.http.wire 2018-01-04 21:23:00,918 org.apache.http.impl.conn.Wire.wire(Wire.java:72) http-outgoing-1 << "HTTP/1.1 200 OK[\r][\n]" 
org.apache.http.wire 2018-01-04 21:23:00,918 org.apache.http.impl.conn.Wire.wire(Wire.java:72) http-outgoing-1 << "Content-Length:290[\r][\n]" 
org.apache.http.wire 2018-01-04 21:23:00,925 org.apache.http.impl.conn.Wire.wire(Wire.java:72) http-outgoing-1 << "Content-Type:application/json; charset=utf-8[\r][\n]" 
org.apache.http.wire 2018-01-04 21:23:00,926 org.apache.http.impl.conn.Wire.wire(Wire.java:72) http-outgoing-1 << "Connection:close[\r][\n]" 
org.apache.http.wire 2018-01-04 21:23:00,927 org.apache.http.impl.conn.Wire.wire(Wire.java:72) http-outgoing-1 << "[\r][\n]" 
org.apache.http.wire 2018-01-04 21:23:00,927 org.apache.http.impl.conn.Wire.wire(Wire.java:86) http-outgoing-1 << "{"sessionId":"48d9de4dfa3f193d5ddfd629ddebeb14","status":102,"value":{"message":"disconnected: unable to connect to renderer\n  (Session info: chrome=63.0.3239.84)\n  (Driver info: chromedriver=2.30.477700 (0057494ad8732195794a7b32078424f92a5fce41),platform=Windows NT 10.0.15063 x86_64)"}}" 
org.apache.http.headers 2018-01-04 21:23:00,927 org.apache.http.impl.conn.LoggingManagedHttpClientConnection.onResponseReceived(LoggingManagedHttpClientConnection.java:124) http-outgoing-1 << HTTP/1.1 200 OK 
org.apache.http.headers 2018-01-04 21:23:00,927 org.apache.http.impl.conn.LoggingManagedHttpClientConnection.onResponseReceived(LoggingManagedHttpClientConnection.java:127) http-outgoing-1 << Content-Length:290 
org.apache.http.headers 2018-01-04 21:23:00,927 org.apache.http.impl.conn.LoggingManagedHttpClientConnection.onResponseReceived(LoggingManagedHttpClientConnection.java:127) http-outgoing-1 << Content-Type:application/json; charset=utf-8 
org.apache.http.headers 2018-01-04 21:23:00,927 org.apache.http.impl.conn.LoggingManagedHttpClientConnection.onResponseReceived(LoggingManagedHttpClientConnection.java:127) http-outgoing-1 << Connection:close 
org.apache.http.impl.conn.DefaultManagedHttpClientConnection 2018-01-04 21:23:00,927 org.apache.http.impl.conn.LoggingManagedHttpClientConnection.close(LoggingManagedHttpClientConnection.java:81) http-outgoing-1: Close connection 
org.apache.http.impl.execchain.MainClientExec 2018-01-04 21:23:00,927 org.apache.http.impl.execchain.ConnectionHolder.releaseConnection(ConnectionHolder.java:103) Connection discarded 
org.apache.http.impl.conn.PoolingHttpClientConnectionManager 2018-01-04 21:23:00,927 org.apache.http.impl.conn.PoolingHttpClientConnectionManager.releaseConnection(PoolingHttpClientConnectionManager.java:320) Connection released: [id: 1][route: {}->http://localhost:20174][total kept alive: 0; route allocated: 0 of 2000; total allocated: 0 of 2000] 
com.ess.scripts.VerifyLoginLogout 2018-01-04 21:24:22,924 com.ess.common.BaseTest.initFrameWork(BaseTest.java:55) initializing ExtentReport 
com.ess.scripts.VerifyLoginLogout 2018-01-04 21:24:23,464 com.ess.common.BaseTest.initBrowser(BaseTest.java:75) Execution started on Browser:firefox 
com.ess.scripts.VerifyLoginLogout 2018-01-04 21:24:23,480 com.ess.common.BaseTest.initApplication(BaseTest.java:87) Browser:firefox 
com.ess.scripts.VerifyLoginLogout 2018-01-04 21:25:02,448 com.ess.common.BaseTest.initApplication(BaseTest.java:98) TimeOut:30 
com.ess.scripts.VerifyLoginLogout 2018-01-04 21:25:02,549 com.ess.common.BaseTest.preCondition(BaseTest.java:122) explicit login required 
org.apache.http.impl.execchain.RetryExec 2018-01-04 21:25:14,256 org.apache.http.impl.execchain.RetryExec.execute(RetryExec.java:96) I/O exception (org.apache.http.NoHttpResponseException) caught when processing request to {}->http://127.0.0.1:7055: The target server failed to respond 
org.apache.http.impl.execchain.RetryExec 2018-01-04 21:25:14,269 org.apache.http.impl.execchain.RetryExec.execute(RetryExec.java:112) Retrying request to {}->http://127.0.0.1:7055 
com.ess.scripts.VerifyLoginLogout 2018-01-04 21:25:16,303 com.ess.common.BaseTest.postCondition(BaseTest.java:137) explicit logout required 
org.apache.http.client.protocol.RequestAddCookies 2018-01-04 21:28:27,530 org.apache.http.client.protocol.RequestAddCookies.process(RequestAddCookies.java:122) CookieSpec selected: default 
org.apache.http.client.protocol.RequestAuthCache 2018-01-04 21:28:27,568 org.apache.http.client.protocol.RequestAuthCache.process(RequestAuthCache.java:76) Auth cache not set in the context 
org.apache.http.impl.conn.PoolingHttpClientConnectionManager 2018-01-04 21:28:27,568 org.apache.http.impl.conn.PoolingHttpClientConnectionManager.requestConnection(PoolingHttpClientConnectionManager.java:249) Connection request: [route: {}->http://localhost:36450][total kept alive: 0; route allocated: 0 of 2000; total allocated: 0 of 2000] 
org.apache.http.impl.conn.PoolingHttpClientConnectionManager 2018-01-04 21:28:27,584 org.apache.http.impl.conn.PoolingHttpClientConnectionManager.leaseConnection(PoolingHttpClientConnectionManager.java:282) Connection leased: [id: 0][route: {}->http://localhost:36450][total kept alive: 0; route allocated: 1 of 2000; total allocated: 1 of 2000] 
org.apache.http.impl.execchain.MainClientExec 2018-01-04 21:28:27,584 org.apache.http.impl.execchain.MainClientExec.execute(MainClientExec.java:234) Opening connection {}->http://localhost:36450 
org.apache.http.impl.conn.DefaultHttpClientConnectionOperator 2018-01-04 21:28:27,584 org.apache.http.impl.conn.DefaultHttpClientConnectionOperator.connect(DefaultHttpClientConnectionOperator.java:131) Connecting to localhost/127.0.0.1:36450 
org.apache.http.impl.conn.DefaultHttpClientConnectionOperator 2018-01-04 21:28:27,584 org.apache.http.impl.conn.DefaultHttpClientConnectionOperator.connect(DefaultHttpClientConnectionOperator.java:138) Connection established 127.0.0.1:62112<->127.0.0.1:36450 
org.apache.http.impl.conn.DefaultManagedHttpClientConnection 2018-01-04 21:28:27,584 org.apache.http.impl.conn.LoggingManagedHttpClientConnection.setSocketTimeout(LoggingManagedHttpClientConnection.java:90) http-outgoing-0: set socket timeout to 10800000 
org.apache.http.impl.execchain.MainClientExec 2018-01-04 21:28:27,584 org.apache.http.impl.execchain.MainClientExec.execute(MainClientExec.java:255) Executing request POST /session HTTP/1.1 
org.apache.http.impl.execchain.MainClientExec 2018-01-04 21:28:27,584 org.apache.http.impl.execchain.MainClientExec.execute(MainClientExec.java:260) Target auth state: UNCHALLENGED 
org.apache.http.impl.execchain.MainClientExec 2018-01-04 21:28:27,599 org.apache.http.impl.execchain.MainClientExec.execute(MainClientExec.java:266) Proxy auth state: UNCHALLENGED 
org.apache.http.headers 2018-01-04 21:28:27,602 org.apache.http.impl.conn.LoggingManagedHttpClientConnection.onRequestSubmitted(LoggingManagedHttpClientConnection.java:135) http-outgoing-0 >> POST /session HTTP/1.1 
org.apache.http.headers 2018-01-04 21:28:27,603 org.apache.http.impl.conn.LoggingManagedHttpClientConnection.onRequestSubmitted(LoggingManagedHttpClientConnection.java:138) http-outgoing-0 >> Content-Type: application/json; charset=utf-8 
org.apache.http.headers 2018-01-04 21:28:27,604 org.apache.http.impl.conn.LoggingManagedHttpClientConnection.onRequestSubmitted(LoggingManagedHttpClientConnection.java:138) http-outgoing-0 >> Content-Length: 122 
org.apache.http.headers 2018-01-04 21:28:27,604 org.apache.http.impl.conn.LoggingManagedHttpClientConnection.onRequestSubmitted(LoggingManagedHttpClientConnection.java:138) http-outgoing-0 >> Host: localhost:36450 
org.apache.http.headers 2018-01-04 21:28:27,605 org.apache.http.impl.conn.LoggingManagedHttpClientConnection.onRequestSubmitted(LoggingManagedHttpClientConnection.java:138) http-outgoing-0 >> Connection: Keep-Alive 
org.apache.http.headers 2018-01-04 21:28:27,611 org.apache.http.impl.conn.LoggingManagedHttpClientConnection.onRequestSubmitted(LoggingManagedHttpClientConnection.java:138) http-outgoing-0 >> User-Agent: Apache-HttpClient/4.5.1 (Java/1.8.0_91) 
org.apache.http.headers 2018-01-04 21:28:27,611 org.apache.http.impl.conn.LoggingManagedHttpClientConnection.onRequestSubmitted(LoggingManagedHttpClientConnection.java:138) http-outgoing-0 >> Accept-Encoding: gzip,deflate 
org.apache.http.wire 2018-01-04 21:28:27,612 org.apache.http.impl.conn.Wire.wire(Wire.java:72) http-outgoing-0 >> "POST /session HTTP/1.1[\r][\n]" 
org.apache.http.wire 2018-01-04 21:28:27,613 org.apache.http.impl.conn.Wire.wire(Wire.java:72) http-outgoing-0 >> "Content-Type: application/json; charset=utf-8[\r][\n]" 
org.apache.http.wire 2018-01-04 21:28:27,614 org.apache.http.impl.conn.Wire.wire(Wire.java:72) http-outgoing-0 >> "Content-Length: 122[\r][\n]" 
org.apache.http.wire 2018-01-04 21:28:27,614 org.apache.http.impl.conn.Wire.wire(Wire.java:72) http-outgoing-0 >> "Host: localhost:36450[\r][\n]" 
org.apache.http.wire 2018-01-04 21:28:27,614 org.apache.http.impl.conn.Wire.wire(Wire.java:72) http-outgoing-0 >> "Connection: Keep-Alive[\r][\n]" 
org.apache.http.wire 2018-01-04 21:28:27,614 org.apache.http.impl.conn.Wire.wire(Wire.java:72) http-outgoing-0 >> "User-Agent: Apache-HttpClient/4.5.1 (Java/1.8.0_91)[\r][\n]" 
org.apache.http.wire 2018-01-04 21:28:27,614 org.apache.http.impl.conn.Wire.wire(Wire.java:72) http-outgoing-0 >> "Accept-Encoding: gzip,deflate[\r][\n]" 
org.apache.http.wire 2018-01-04 21:28:27,614 org.apache.http.impl.conn.Wire.wire(Wire.java:72) http-outgoing-0 >> "[\r][\n]" 
org.apache.http.wire 2018-01-04 21:28:27,614 org.apache.http.impl.conn.Wire.wire(Wire.java:86) http-outgoing-0 >> "{"desiredCapabilities":{"browserName":"chrome","chromeOptions":{"args":[],"extensions":[]},"version":"","platform":"ANY"}}" 
org.apache.http.wire 2018-01-04 21:28:31,595 org.apache.http.impl.conn.Wire.wire(Wire.java:72) http-outgoing-0 << "HTTP/1.1 200 OK[\r][\n]" 
org.apache.http.wire 2018-01-04 21:28:31,595 org.apache.http.impl.conn.Wire.wire(Wire.java:72) http-outgoing-0 << "Content-Length:778[\r][\n]" 
org.apache.http.wire 2018-01-04 21:28:31,597 org.apache.http.impl.conn.Wire.wire(Wire.java:72) http-outgoing-0 << "Content-Type:application/json; charset=utf-8[\r][\n]" 
org.apache.http.wire 2018-01-04 21:28:31,598 org.apache.http.impl.conn.Wire.wire(Wire.java:72) http-outgoing-0 << "Connection:close[\r][\n]" 
org.apache.http.wire 2018-01-04 21:28:31,599 org.apache.http.impl.conn.Wire.wire(Wire.java:72) http-outgoing-0 << "[\r][\n]" 
org.apache.http.wire 2018-01-04 21:28:31,600 org.apache.http.impl.conn.Wire.wire(Wire.java:86) http-outgoing-0 << "{"sessionId":"67c732ffc9bea0cbcd2258c3a147a1c2","status":0,"value":{"acceptSslCerts":true,"applicationCacheEnabled":false,"browserConnectionEnabled":false,"browserName":"chrome","chrome":{"chromedriverVersion":"2.30.477700 (0057494ad8732195794a7b32078424f92a5fce41)","userDataDir":"C:\\Users\\rohit\\AppData\\Local\\Temp\\scoped_dir8328_30844"},"cssSelectorsEnabled":true,"databaseEnabled":false,"handlesAlerts":true,"hasTouchScreen":false,"javascriptEnabled":true,"locationContextEnabled":true,"mobileEmulationEnabled":false,"nativeEvents":true,"networkConnectionEnabled":false,"pageLoadStrategy":"normal","platform":"Windows NT","rotatable":false,"takesHeapSnapshot":true,"takesScreenshot":true,"unexpectedAlertBehaviour":"","version":"63.0.3239.84","webStorageEnabled":true}}" 
org.apache.http.headers 2018-01-04 21:28:31,608 org.apache.http.impl.conn.LoggingManagedHttpClientConnection.onResponseReceived(LoggingManagedHttpClientConnection.java:124) http-outgoing-0 << HTTP/1.1 200 OK 
org.apache.http.headers 2018-01-04 21:28:31,608 org.apache.http.impl.conn.LoggingManagedHttpClientConnection.onResponseReceived(LoggingManagedHttpClientConnection.java:127) http-outgoing-0 << Content-Length:778 
org.apache.http.headers 2018-01-04 21:28:31,609 org.apache.http.impl.conn.LoggingManagedHttpClientConnection.onResponseReceived(LoggingManagedHttpClientConnection.java:127) http-outgoing-0 << Content-Type:application/json; charset=utf-8 
org.apache.http.headers 2018-01-04 21:28:31,609 org.apache.http.impl.conn.LoggingManagedHttpClientConnection.onResponseReceived(LoggingManagedHttpClientConnection.java:127) http-outgoing-0 << Connection:close 
org.apache.http.impl.conn.DefaultManagedHttpClientConnection 2018-01-04 21:28:31,623 org.apache.http.impl.conn.LoggingManagedHttpClientConnection.close(LoggingManagedHttpClientConnection.java:81) http-outgoing-0: Close connection 
org.apache.http.impl.execchain.MainClientExec 2018-01-04 21:28:31,623 org.apache.http.impl.execchain.ConnectionHolder.releaseConnection(ConnectionHolder.java:103) Connection discarded 
org.apache.http.impl.conn.PoolingHttpClientConnectionManager 2018-01-04 21:28:31,623 org.apache.http.impl.conn.PoolingHttpClientConnectionManager.releaseConnection(PoolingHttpClientConnectionManager.java:320) Connection released: [id: 0][route: {}->http://localhost:36450][total kept alive: 0; route allocated: 0 of 2000; total allocated: 0 of 2000] 
org.apache.http.client.protocol.RequestAddCookies 2018-01-04 21:28:31,647 org.apache.http.client.protocol.RequestAddCookies.process(RequestAddCookies.java:122) CookieSpec selected: default 
org.apache.http.client.protocol.RequestAuthCache 2018-01-04 21:28:31,647 org.apache.http.client.protocol.RequestAuthCache.process(RequestAuthCache.java:76) Auth cache not set in the context 
org.apache.http.impl.conn.PoolingHttpClientConnectionManager 2018-01-04 21:28:31,647 org.apache.http.impl.conn.PoolingHttpClientConnectionManager.requestConnection(PoolingHttpClientConnectionManager.java:249) Connection request: [route: {}->http://localhost:36450][total kept alive: 0; route allocated: 0 of 2000; total allocated: 0 of 2000] 
org.apache.http.impl.conn.PoolingHttpClientConnectionManager 2018-01-04 21:28:31,647 org.apache.http.impl.conn.PoolingHttpClientConnectionManager.leaseConnection(PoolingHttpClientConnectionManager.java:282) Connection leased: [id: 1][route: {}->http://localhost:36450][total kept alive: 0; route allocated: 1 of 2000; total allocated: 1 of 2000] 
org.apache.http.impl.execchain.MainClientExec 2018-01-04 21:28:31,647 org.apache.http.impl.execchain.MainClientExec.execute(MainClientExec.java:234) Opening connection {}->http://localhost:36450 
org.apache.http.impl.conn.DefaultHttpClientConnectionOperator 2018-01-04 21:28:31,651 org.apache.http.impl.conn.DefaultHttpClientConnectionOperator.connect(DefaultHttpClientConnectionOperator.java:131) Connecting to localhost/127.0.0.1:36450 
org.apache.http.impl.conn.DefaultHttpClientConnectionOperator 2018-01-04 21:28:31,651 org.apache.http.impl.conn.DefaultHttpClientConnectionOperator.connect(DefaultHttpClientConnectionOperator.java:138) Connection established 127.0.0.1:62122<->127.0.0.1:36450 
org.apache.http.impl.conn.DefaultManagedHttpClientConnection 2018-01-04 21:28:31,651 org.apache.http.impl.conn.LoggingManagedHttpClientConnection.setSocketTimeout(LoggingManagedHttpClientConnection.java:90) http-outgoing-1: set socket timeout to 10800000 
org.apache.http.impl.execchain.MainClientExec 2018-01-04 21:28:31,651 org.apache.http.impl.execchain.MainClientExec.execute(MainClientExec.java:255) Executing request POST /session/67c732ffc9bea0cbcd2258c3a147a1c2/window/current/maximize HTTP/1.1 
org.apache.http.impl.execchain.MainClientExec 2018-01-04 21:28:31,651 org.apache.http.impl.execchain.MainClientExec.execute(MainClientExec.java:260) Target auth state: UNCHALLENGED 
org.apache.http.impl.execchain.MainClientExec 2018-01-04 21:28:31,651 org.apache.http.impl.execchain.MainClientExec.execute(MainClientExec.java:266) Proxy auth state: UNCHALLENGED 
org.apache.http.headers 2018-01-04 21:28:31,655 org.apache.http.impl.conn.LoggingManagedHttpClientConnection.onRequestSubmitted(LoggingManagedHttpClientConnection.java:135) http-outgoing-1 >> POST /session/67c732ffc9bea0cbcd2258c3a147a1c2/window/current/maximize HTTP/1.1 
org.apache.http.headers 2018-01-04 21:28:31,655 org.apache.http.impl.conn.LoggingManagedHttpClientConnection.onRequestSubmitted(LoggingManagedHttpClientConnection.java:138) http-outgoing-1 >> Content-Type: application/json; charset=utf-8 
org.apache.http.headers 2018-01-04 21:28:31,655 org.apache.http.impl.conn.LoggingManagedHttpClientConnection.onRequestSubmitted(LoggingManagedHttpClientConnection.java:138) http-outgoing-1 >> Content-Length: 26 
org.apache.http.headers 2018-01-04 21:28:31,655 org.apache.http.impl.conn.LoggingManagedHttpClientConnection.onRequestSubmitted(LoggingManagedHttpClientConnection.java:138) http-outgoing-1 >> Host: localhost:36450 
org.apache.http.headers 2018-01-04 21:28:31,655 org.apache.http.impl.conn.LoggingManagedHttpClientConnection.onRequestSubmitted(LoggingManagedHttpClientConnection.java:138) http-outgoing-1 >> Connection: Keep-Alive 
org.apache.http.headers 2018-01-04 21:28:31,655 org.apache.http.impl.conn.LoggingManagedHttpClientConnection.onRequestSubmitted(LoggingManagedHttpClientConnection.java:138) http-outgoing-1 >> User-Agent: Apache-HttpClient/4.5.1 (Java/1.8.0_91) 
org.apache.http.headers 2018-01-04 21:28:31,655 org.apache.http.impl.conn.LoggingManagedHttpClientConnection.onRequestSubmitted(LoggingManagedHttpClientConnection.java:138) http-outgoing-1 >> Accept-Encoding: gzip,deflate 
org.apache.http.wire 2018-01-04 21:28:31,655 org.apache.http.impl.conn.Wire.wire(Wire.java:72) http-outgoing-1 >> "POST /session/67c732ffc9bea0cbcd2258c3a147a1c2/window/current/maximize HTTP/1.1[\r][\n]" 
org.apache.http.wire 2018-01-04 21:28:31,659 org.apache.http.impl.conn.Wire.wire(Wire.java:72) http-outgoing-1 >> "Content-Type: application/json; charset=utf-8[\r][\n]" 
org.apache.http.wire 2018-01-04 21:28:31,659 org.apache.http.impl.conn.Wire.wire(Wire.java:72) http-outgoing-1 >> "Content-Length: 26[\r][\n]" 
org.apache.http.wire 2018-01-04 21:28:31,659 org.apache.http.impl.conn.Wire.wire(Wire.java:72) http-outgoing-1 >> "Host: localhost:36450[\r][\n]" 
org.apache.http.wire 2018-01-04 21:28:31,659 org.apache.http.impl.conn.Wire.wire(Wire.java:72) http-outgoing-1 >> "Connection: Keep-Alive[\r][\n]" 
org.apache.http.wire 2018-01-04 21:28:31,659 org.apache.http.impl.conn.Wire.wire(Wire.java:72) http-outgoing-1 >> "User-Agent: Apache-HttpClient/4.5.1 (Java/1.8.0_91)[\r][\n]" 
org.apache.http.wire 2018-01-04 21:28:31,659 org.apache.http.impl.conn.Wire.wire(Wire.java:72) http-outgoing-1 >> "Accept-Encoding: gzip,deflate[\r][\n]" 
org.apache.http.wire 2018-01-04 21:28:31,659 org.apache.http.impl.conn.Wire.wire(Wire.java:72) http-outgoing-1 >> "[\r][\n]" 
org.apache.http.wire 2018-01-04 21:28:31,659 org.apache.http.impl.conn.Wire.wire(Wire.java:86) http-outgoing-1 >> "{"windowHandle":"current"}" 
org.apache.http.wire 2018-01-04 21:28:33,682 org.apache.http.impl.conn.Wire.wire(Wire.java:72) http-outgoing-1 << "HTTP/1.1 200 OK[\r][\n]" 
org.apache.http.wire 2018-01-04 21:28:33,819 org.apache.http.impl.conn.Wire.wire(Wire.java:72) http-outgoing-1 << "Content-Length:290[\r][\n]" 
org.apache.http.wire 2018-01-04 21:28:33,820 org.apache.http.impl.conn.Wire.wire(Wire.java:72) http-outgoing-1 << "Content-Type:application/json; charset=utf-8[\r][\n]" 
org.apache.http.wire 2018-01-04 21:28:33,820 org.apache.http.impl.conn.Wire.wire(Wire.java:72) http-outgoing-1 << "Connection:close[\r][\n]" 
org.apache.http.wire 2018-01-04 21:28:33,820 org.apache.http.impl.conn.Wire.wire(Wire.java:72) http-outgoing-1 << "[\r][\n]" 
org.apache.http.wire 2018-01-04 21:28:33,820 org.apache.http.impl.conn.Wire.wire(Wire.java:86) http-outgoing-1 << "{"sessionId":"67c732ffc9bea0cbcd2258c3a147a1c2","status":102,"value":{"message":"disconnected: unable to connect to renderer\n  (Session info: chrome=63.0.3239.84)\n  (Driver info: chromedriver=2.30.477700 (0057494ad8732195794a7b32078424f92a5fce41),platform=Windows NT 10.0.15063 x86_64)"}}" 
org.apache.http.headers 2018-01-04 21:28:33,820 org.apache.http.impl.conn.LoggingManagedHttpClientConnection.onResponseReceived(LoggingManagedHttpClientConnection.java:124) http-outgoing-1 << HTTP/1.1 200 OK 
org.apache.http.headers 2018-01-04 21:28:33,820 org.apache.http.impl.conn.LoggingManagedHttpClientConnection.onResponseReceived(LoggingManagedHttpClientConnection.java:127) http-outgoing-1 << Content-Length:290 
org.apache.http.headers 2018-01-04 21:28:33,820 org.apache.http.impl.conn.LoggingManagedHttpClientConnection.onResponseReceived(LoggingManagedHttpClientConnection.java:127) http-outgoing-1 << Content-Type:application/json; charset=utf-8 
org.apache.http.headers 2018-01-04 21:28:33,820 org.apache.http.impl.conn.LoggingManagedHttpClientConnection.onResponseReceived(LoggingManagedHttpClientConnection.java:127) http-outgoing-1 << Connection:close 
org.apache.http.impl.conn.DefaultManagedHttpClientConnection 2018-01-04 21:28:33,820 org.apache.http.impl.conn.LoggingManagedHttpClientConnection.close(LoggingManagedHttpClientConnection.java:81) http-outgoing-1: Close connection 
org.apache.http.impl.execchain.MainClientExec 2018-01-04 21:28:33,820 org.apache.http.impl.execchain.ConnectionHolder.releaseConnection(ConnectionHolder.java:103) Connection discarded 
org.apache.http.impl.conn.PoolingHttpClientConnectionManager 2018-01-04 21:28:33,820 org.apache.http.impl.conn.PoolingHttpClientConnectionManager.releaseConnection(PoolingHttpClientConnectionManager.java:320) Connection released: [id: 1][route: {}->http://localhost:36450][total kept alive: 0; route allocated: 0 of 2000; total allocated: 0 of 2000] 
com.ess.scripts.VerifyLoginLogout 2018-01-04 21:28:46,128 com.ess.common.BaseTest.initFrameWork(BaseTest.java:55) initializing ExtentReport 
com.ess.scripts.VerifyLoginLogout 2018-01-04 21:28:46,308 com.ess.common.BaseTest.initBrowser(BaseTest.java:75) Execution started on Browser:firefox 
com.ess.scripts.VerifyLoginLogout 2018-01-04 21:28:46,313 com.ess.common.BaseTest.initApplication(BaseTest.java:87) Browser:firefox 
com.ess.scripts.VerifyLoginLogout 2018-01-04 21:29:03,745 com.ess.common.BaseTest.initApplication(BaseTest.java:98) TimeOut:30 
com.ess.scripts.VerifyLoginLogout 2018-01-04 21:29:03,861 com.ess.common.BaseTest.preCondition(BaseTest.java:122) explicit login required 
com.ess.scripts.VerifyLoginLogout 2018-01-04 21:29:18,190 com.ess.common.BaseTest.postCondition(BaseTest.java:137) explicit logout required 
com.ess.scripts.VerifyLoginLogout 2018-01-04 21:29:20,594 com.ess.common.BaseTest.closeBrowser(BaseTest.java:81) Execution completed on Browser:firefox 
com.ess.scripts.VerifyLoginLogout 2018-01-04 21:29:20,679 com.ess.common.BaseTest.closeFrameWork(BaseTest.java:68) finalizing ExtentReport 
com.ess.scripts.VerifyLoginLogout 2018-01-04 22:32:15,309 com.ess.common.BaseTest.initFrameWork(BaseTest.java:55) initializing ExtentReport 
com.ess.scripts.VerifyLoginLogout 2018-01-04 22:32:15,806 com.ess.common.BaseTest.initBrowser(BaseTest.java:75) Execution started on Browser:firefox 
com.ess.scripts.VerifyLoginLogout 2018-01-04 22:32:15,905 com.ess.common.BaseTest.initApplication(BaseTest.java:87) Browser:firefox 
com.ess.scripts.VerifyLoginLogout 2018-01-04 22:32:37,140 com.ess.common.BaseTest.initApplication(BaseTest.java:98) TimeOut:30 
com.ess.scripts.VerifyLoginLogout 2018-01-04 22:32:37,209 com.ess.common.BaseTest.preCondition(BaseTest.java:122) explicit login required 
com.ess.scripts.VerifyLoginLogout 2018-01-04 22:33:27,453 com.ess.common.BaseTest.initFrameWork(BaseTest.java:55) initializing ExtentReport 
com.ess.scripts.VerifyLoginLogout 2018-01-04 22:33:27,664 com.ess.common.BaseTest.initBrowser(BaseTest.java:75) Execution started on Browser:firefox 
com.ess.scripts.VerifyLoginLogout 2018-01-04 22:33:27,664 com.ess.common.BaseTest.initApplication(BaseTest.java:87) Browser:firefox 
com.ess.scripts.VerifyLoginLogout 2018-01-04 22:33:43,679 com.ess.common.BaseTest.initApplication(BaseTest.java:98) TimeOut:30 
com.ess.scripts.VerifyLoginLogout 2018-01-04 22:33:43,723 com.ess.common.BaseTest.preCondition(BaseTest.java:122) explicit login required 
com.ess.scripts.VerifyLoginLogout 2018-01-04 22:33:55,624 com.ess.common.BaseTest.postCondition(BaseTest.java:137) explicit logout required 
com.ess.scripts.VerifyLoginLogout 2018-01-04 22:33:57,062 com.ess.common.BaseTest.closeBrowser(BaseTest.java:81) Execution completed on Browser:firefox 
com.ess.scripts.VerifyLoginLogout 2018-01-04 22:33:57,116 com.ess.common.BaseTest.closeFrameWork(BaseTest.java:68) finalizing ExtentReport 
com.ess.scripts.VerifyLoginLogout 2018-01-04 22:34:10,710 com.ess.common.BaseTest.initFrameWork(BaseTest.java:55) initializing ExtentReport 
com.ess.scripts.VerifyLoginLogout 2018-01-04 22:34:10,914 com.ess.common.BaseTest.initBrowser(BaseTest.java:75) Execution started on Browser:firefox 
com.ess.scripts.VerifyLoginLogout 2018-01-04 22:34:10,946 com.ess.common.BaseTest.initApplication(BaseTest.java:87) Browser:firefox 
com.ess.scripts.VerifyLoginLogout 2018-01-04 22:34:25,915 com.ess.common.BaseTest.initApplication(BaseTest.java:98) TimeOut:30 
com.ess.scripts.VerifyLoginLogout 2018-01-04 22:34:25,958 com.ess.common.BaseTest.preCondition(BaseTest.java:122) explicit login required 
com.ess.scripts.VerifyLoginLogout 2018-01-04 22:34:32,221 com.ess.common.BaseTest.postCondition(BaseTest.java:137) explicit logout required 
com.ess.scripts.VerifyLoginLogout 2018-01-04 22:34:33,381 com.ess.common.BaseTest.closeBrowser(BaseTest.java:81) Execution completed on Browser:firefox 
com.ess.scripts.VerifyLoginLogout 2018-01-04 22:34:33,420 com.ess.common.BaseTest.closeFrameWork(BaseTest.java:68) finalizing ExtentReport 
com.ess.scripts.VerifyLoginLogout 2018-01-04 22:42:41,059 com.ess.common.BaseTest.initFrameWork(BaseTest.java:55) initializing ExtentReport 
com.ess.scripts.VerifyLoginLogout 2018-01-04 22:42:41,259 com.ess.common.BaseTest.initBrowser(BaseTest.java:75) Execution started on Browser:firefox 
com.ess.scripts.VerifyLoginLogout 2018-01-04 22:42:41,259 com.ess.common.BaseTest.initApplication(BaseTest.java:87) Browser:firefox 
com.ess.scripts.VerifyLoginLogout 2018-01-04 22:42:56,299 com.ess.common.BaseTest.initApplication(BaseTest.java:98) TimeOut:30 
com.ess.scripts.VerifyLoginLogout 2018-01-04 22:42:56,485 com.ess.common.BaseTest.preCondition(BaseTest.java:122) explicit login required 
com.ess.scripts.VerifyLoginLogout 2018-01-04 22:43:04,319 com.ess.common.BaseTest.postCondition(BaseTest.java:137) explicit logout required 
com.ess.scripts.VerifyLoginLogout 2018-01-04 22:43:05,213 com.ess.common.BaseTest.closeBrowser(BaseTest.java:81) Execution completed on Browser:firefox 
com.ess.scripts.VerifyLoginLogout 2018-01-04 22:43:05,244 com.ess.common.BaseTest.closeFrameWork(BaseTest.java:68) finalizing ExtentReport 
com.ess.scripts.AddNewRole 2018-01-04 23:21:37,250 com.ess.common.BaseTest.initFrameWork(BaseTest.java:55) initializing ExtentReport 
com.ess.scripts.AddNewRole 2018-01-04 23:21:38,099 com.ess.common.BaseTest.initBrowser(BaseTest.java:75) Execution started on Browser:firefox 
com.ess.scripts.AddNewRole 2018-01-04 23:21:38,116 com.ess.common.BaseTest.initApplication(BaseTest.java:87) Browser:firefox 
com.ess.scripts.AddNewRole 2018-01-04 23:22:21,341 com.ess.common.BaseTest.initApplication(BaseTest.java:98) TimeOut:30 
com.ess.scripts.AddNewRole 2018-01-04 23:22:21,433 com.ess.common.BaseTest.preCondition(BaseTest.java:113) implicit login 
com.ess.scripts.AddNewRole 2018-01-04 23:22:29,419 com.ess.common.BaseTest.postCondition(BaseTest.java:130) implicit logout 
com.ess.scripts.AddNewRole 2018-01-04 23:22:35,698 com.ess.common.BaseTest.closeBrowser(BaseTest.java:81) Execution completed on Browser:firefox 
com.ess.scripts.AddNewRole 2018-01-04 23:22:35,795 com.ess.common.BaseTest.closeFrameWork(BaseTest.java:68) finalizing ExtentReport 
com.ess.scripts.AddNewRole 2018-01-04 23:29:14,789 com.ess.common.BaseTest.initFrameWork(BaseTest.java:55) initializing ExtentReport 
com.ess.scripts.AddNewRole 2018-01-04 23:29:15,167 com.ess.common.BaseTest.initBrowser(BaseTest.java:75) Execution started on Browser:firefox 
com.ess.scripts.AddNewRole 2018-01-04 23:29:15,184 com.ess.common.BaseTest.initApplication(BaseTest.java:87) Browser:firefox 
com.ess.scripts.AddNewRole 2018-01-04 23:29:42,088 com.ess.common.BaseTest.initApplication(BaseTest.java:98) TimeOut:30 
com.ess.scripts.AddNewRole 2018-01-04 23:29:42,132 com.ess.common.BaseTest.preCondition(BaseTest.java:113) implicit login 
com.ess.scripts.AddNewRole 2018-01-04 23:29:59,149 com.ess.common.BaseTest.postCondition(BaseTest.java:130) implicit logout 
com.ess.scripts.AddNewRole 2018-01-04 23:30:03,600 com.ess.common.BaseTest.closeBrowser(BaseTest.java:81) Execution completed on Browser:firefox 
com.ess.scripts.AddNewRole 2018-01-04 23:30:03,657 com.ess.common.BaseTest.closeFrameWork(BaseTest.java:68) finalizing ExtentReport 
com.ess.scripts.AddNewRole 2018-01-04 23:30:49,581 com.ess.common.BaseTest.initFrameWork(BaseTest.java:55) initializing ExtentReport 
com.ess.scripts.AddNewRole 2018-01-04 23:30:49,772 com.ess.common.BaseTest.initBrowser(BaseTest.java:75) Execution started on Browser:firefox 
com.ess.scripts.AddNewRole 2018-01-04 23:30:49,788 com.ess.common.BaseTest.initApplication(BaseTest.java:87) Browser:firefox 
com.ess.scripts.AddNewRole 2018-01-04 23:31:06,418 com.ess.common.BaseTest.initApplication(BaseTest.java:98) TimeOut:30 
com.ess.scripts.AddNewRole 2018-01-04 23:31:06,464 com.ess.common.BaseTest.preCondition(BaseTest.java:113) implicit login 
com.ess.scripts.AddNewRole 2018-01-04 23:31:22,560 com.ess.common.BaseTest.postCondition(BaseTest.java:130) implicit logout 
com.ess.scripts.AddNewRole 2018-01-04 23:32:04,884 com.ess.common.BaseTest.initFrameWork(BaseTest.java:55) initializing ExtentReport 
com.ess.scripts.AddNewRole 2018-01-04 23:32:05,080 com.ess.common.BaseTest.initBrowser(BaseTest.java:75) Execution started on Browser:firefox 
com.ess.scripts.AddNewRole 2018-01-04 23:32:05,088 com.ess.common.BaseTest.initApplication(BaseTest.java:87) Browser:firefox 
com.ess.scripts.AddNewRole 2018-01-04 23:32:19,687 com.ess.common.BaseTest.initApplication(BaseTest.java:98) TimeOut:30 
com.ess.scripts.AddNewRole 2018-01-04 23:32:19,865 com.ess.common.BaseTest.preCondition(BaseTest.java:113) implicit login 
com.ess.scripts.AddNewRole 2018-01-04 23:32:33,277 com.ess.common.BaseTest.postCondition(BaseTest.java:130) implicit logout 
com.ess.scripts.AddNewRole 2018-01-04 23:32:37,268 com.ess.common.BaseTest.closeBrowser(BaseTest.java:81) Execution completed on Browser:firefox 
com.ess.scripts.AddNewRole 2018-01-04 23:32:37,399 com.ess.common.BaseTest.closeFrameWork(BaseTest.java:68) finalizing ExtentReport 
com.ess.scripts.AddNewRole 2018-01-04 23:32:51,403 com.ess.common.BaseTest.initFrameWork(BaseTest.java:55) initializing ExtentReport 
com.ess.scripts.AddNewRole 2018-01-04 23:32:51,566 com.ess.common.BaseTest.initBrowser(BaseTest.java:75) Execution started on Browser:firefox 
com.ess.scripts.AddNewRole 2018-01-04 23:32:51,566 com.ess.common.BaseTest.initApplication(BaseTest.java:87) Browser:firefox 
com.ess.scripts.AddNewRole 2018-01-04 23:33:07,531 com.ess.common.BaseTest.initApplication(BaseTest.java:98) TimeOut:30 
com.ess.scripts.AddNewRole 2018-01-04 23:33:07,580 com.ess.common.BaseTest.preCondition(BaseTest.java:113) implicit login 
com.ess.scripts.AddNewRole 2018-01-04 23:33:21,200 com.ess.common.BaseTest.postCondition(BaseTest.java:130) implicit logout 
com.ess.scripts.AddNewRole 2018-01-04 23:33:27,560 com.ess.common.BaseTest.closeBrowser(BaseTest.java:81) Execution completed on Browser:firefox 
com.ess.scripts.AddNewRole 2018-01-04 23:33:27,629 com.ess.common.BaseTest.closeFrameWork(BaseTest.java:68) finalizing ExtentReport 
com.ess.scripts.AddNewRole 2018-01-07 17:44:47,049 com.ess.common.BaseTest.initFrameWork(BaseTest.java:54) initializing ExtentReport 
com.ess.scripts.AddNewRole 2018-01-07 17:44:47,372 com.ess.common.BaseTest.initBrowser(BaseTest.java:74) Execution started on Browser:firefox 
com.ess.scripts.AddNewRole 2018-01-07 17:44:47,384 com.ess.common.BaseTest.initApplication(BaseTest.java:86) Browser:chrome 
com.ess.scripts.AddNewRole 2018-01-07 17:55:32,732 com.ess.common.BaseTest.initFrameWork(BaseTest.java:54) initializing ExtentReport 
com.ess.scripts.AddNewRole 2018-01-07 17:55:32,976 com.ess.common.BaseTest.initBrowser(BaseTest.java:74) Execution started on Browser:firefox 
com.ess.scripts.AddNewRole 2018-01-07 17:55:32,984 com.ess.common.BaseTest.initApplication(BaseTest.java:86) Browser:chrome 
com.ess.scripts.AddNewRole 2018-01-07 17:57:31,271 com.ess.common.BaseTest.initFrameWork(BaseTest.java:54) initializing ExtentReport 
com.ess.scripts.AddNewRole 2018-01-07 17:57:31,453 com.ess.common.BaseTest.initBrowser(BaseTest.java:74) Execution started on Browser:firefox 
com.ess.scripts.AddNewRole 2018-01-07 17:57:31,459 com.ess.common.BaseTest.initApplication(BaseTest.java:86) Browser:firefox 
com.ess.scripts.AddNewRole 2018-01-07 17:58:06,588 com.ess.common.BaseTest.initApplication(BaseTest.java:98) TimeOut:30 
com.ess.scripts.AddNewRole 2018-01-07 17:58:06,743 com.ess.common.BaseTest.preCondition(BaseTest.java:113) implicit login 
com.ess.scripts.AddNewRole 2018-01-07 17:58:35,395 com.ess.common.BaseTest.postCondition(BaseTest.java:130) implicit logout 
com.ess.scripts.AddNewRole 2018-01-07 17:58:42,569 com.ess.common.BaseTest.closeBrowser(BaseTest.java:80) Execution completed on Browser:firefox 
com.ess.scripts.AddNewRole 2018-01-07 17:58:42,614 com.ess.common.BaseTest.closeFrameWork(BaseTest.java:67) finalizing ExtentReport 
com.ess.scripts.AddNewRole 2018-01-07 17:59:46,233 com.ess.common.BaseTest.initFrameWork(BaseTest.java:54) initializing ExtentReport 
com.ess.scripts.AddNewRole 2018-01-07 17:59:46,413 com.ess.common.BaseTest.initBrowser(BaseTest.java:74) Execution started on Browser:chrome 
com.ess.scripts.AddNewRole 2018-01-07 17:59:46,425 com.ess.common.BaseTest.initApplication(BaseTest.java:86) Browser:chrome 
com.ess.scripts.CreateAdmin 2018-01-08 14:58:03,389 com.ess_spp.common.BaseTest.initFrameWork(BaseTest.java:56) initializing ExtentReport 
com.ess.scripts.CreateAdmin 2018-01-08 14:58:04,023 com.ess_spp.common.BaseTest.initBrowser(BaseTest.java:76) Execution started on Browser:chrome 
com.ess.scripts.CreateAdmin 2018-01-08 14:58:04,076 com.ess_spp.common.BaseTest.initApplication(BaseTest.java:88) Browser:chrome 
com.ess.scripts.CreateAdmin 2018-01-08 15:08:41,183 com.ess_spp.common.BaseTest.initFrameWork(BaseTest.java:56) initializing ExtentReport 
com.ess.scripts.CreateAdmin 2018-01-08 15:08:41,383 com.ess_spp.common.BaseTest.initBrowser(BaseTest.java:76) Execution started on Browser:chrome 
com.ess.scripts.CreateAdmin 2018-01-08 15:08:41,392 com.ess_spp.common.BaseTest.initApplication(BaseTest.java:88) Browser:chrome 
com.ess.scripts.CreateAdmin 2018-01-08 15:11:43,551 com.ess_spp.common.BaseTest.initFrameWork(BaseTest.java:56) initializing ExtentReport 
com.ess.scripts.CreateAdmin 2018-01-08 15:11:44,615 com.ess_spp.common.BaseTest.initBrowser(BaseTest.java:76) Execution started on Browser:chrome 
com.ess.scripts.CreateAdmin 2018-01-08 15:11:44,633 com.ess_spp.common.BaseTest.initApplication(BaseTest.java:88) Browser:chrome 
com.ess.scripts.CreateAdmin 2018-01-08 15:34:46,767 com.ess_spp.common.BaseTest.initFrameWork(BaseTest.java:56) initializing ExtentReport 
com.ess.scripts.CreateAdmin 2018-01-08 15:34:46,940 com.ess_spp.common.BaseTest.initBrowser(BaseTest.java:76) Execution started on Browser:chrome 
com.ess.scripts.CreateAdmin 2018-01-08 15:34:46,954 com.ess_spp.common.BaseTest.initApplication(BaseTest.java:88) Browser:chrome 
com.ess.scripts.CreateAdmin 2018-01-08 16:15:22,175 com.ess_spp.common.BaseTest.initFrameWork(BaseTest.java:56) initializing ExtentReport 
com.ess.scripts.CreateAdmin 2018-01-08 16:15:22,311 com.ess_spp.common.BaseTest.initBrowser(BaseTest.java:76) Execution started on Browser:chrome 
com.ess.scripts.CreateAdmin 2018-01-08 16:15:22,322 com.ess_spp.common.BaseTest.initApplication(BaseTest.java:88) Browser:chrome 
com.ess.scripts.VerifyLoginLogout 2018-01-08 16:34:30,473 com.ess_spp.common.BaseTest.initFrameWork(BaseTest.java:56) initializing ExtentReport 
com.ess.scripts.VerifyLoginLogout 2018-01-08 16:34:30,642 com.ess_spp.common.BaseTest.initBrowser(BaseTest.java:76) Execution started on Browser:chrome 
com.ess.scripts.VerifyLoginLogout 2018-01-08 16:34:30,651 com.ess_spp.common.BaseTest.initApplication(BaseTest.java:88) Browser:chrome 
com.ess.scripts.VerifyLoginLogout 2018-01-08 16:35:10,961 com.ess_spp.common.BaseTest.initFrameWork(BaseTest.java:56) initializing ExtentReport 
com.ess.scripts.VerifyLoginLogout 2018-01-08 16:35:11,104 com.ess_spp.common.BaseTest.initBrowser(BaseTest.java:76) Execution started on Browser:chrome 
com.ess.scripts.VerifyLoginLogout 2018-01-08 16:35:11,111 com.ess_spp.common.BaseTest.initApplication(BaseTest.java:88) Browser:chrome 
com.ess.scripts.VerifyLoginLogout 2018-01-08 16:44:34,916 com.ess_spp.common.BaseTest.initFrameWork(BaseTest.java:56) initializing ExtentReport 
com.ess.scripts.VerifyLoginLogout 2018-01-08 16:44:35,060 com.ess_spp.common.BaseTest.initBrowser(BaseTest.java:76) Execution started on Browser:chrome 
com.ess.scripts.VerifyLoginLogout 2018-01-08 16:44:35,071 com.ess_spp.common.BaseTest.initApplication(BaseTest.java:88) Browser:chrome 
com.ess.scripts.VerifyLoginLogout 2018-01-08 16:51:53,849 com.ess_spp.common.BaseTest.initFrameWork(BaseTest.java:56) initializing ExtentReport 
com.ess.scripts.VerifyLoginLogout 2018-01-08 16:51:54,066 com.ess_spp.common.BaseTest.initBrowser(BaseTest.java:76) Execution started on Browser:chrome 
com.ess.scripts.VerifyLoginLogout 2018-01-08 16:51:54,076 com.ess_spp.common.BaseTest.initApplication(BaseTest.java:88) Browser:chrome 
com.ess.scripts.VerifyLoginLogout 2018-01-08 17:00:52,189 com.ess_spp.common.BaseTest.initFrameWork(BaseTest.java:56) initializing ExtentReport 
com.ess.scripts.VerifyLoginLogout 2018-01-08 17:00:52,333 com.ess_spp.common.BaseTest.initBrowser(BaseTest.java:76) Execution started on Browser:chrome 
com.ess.scripts.VerifyLoginLogout 2018-01-08 17:00:52,340 com.ess_spp.common.BaseTest.initApplication(BaseTest.java:88) Browser:chrome 
com.ess.scripts.CreateAdmin 2018-01-08 17:09:55,170 com.ess_spp.common.BaseTest.initFrameWork(BaseTest.java:56) initializing ExtentReport 
com.ess.scripts.CreateAdmin 2018-01-08 17:09:55,331 com.ess_spp.common.BaseTest.initBrowser(BaseTest.java:76) Execution started on Browser:chrome 
com.ess.scripts.CreateAdmin 2018-01-08 17:09:55,339 com.ess_spp.common.BaseTest.initApplication(BaseTest.java:88) Browser:chrome 
com.ess.scripts.CreateAdmin 2018-01-08 17:13:49,064 com.ess_spp.common.BaseTest.initFrameWork(BaseTest.java:56) initializing ExtentReport 
com.ess.scripts.CreateAdmin 2018-01-08 17:13:49,253 com.ess_spp.common.BaseTest.initBrowser(BaseTest.java:76) Execution started on Browser:chrome 
com.ess.scripts.CreateAdmin 2018-01-08 17:13:49,264 com.ess_spp.common.BaseTest.initApplication(BaseTest.java:88) Browser:chrome 
com.ess.scripts.CreateAdmin 2018-01-08 17:36:13,242 com.ess_spp.common.BaseTest.initFrameWork(BaseTest.java:56) initializing ExtentReport 
com.ess.scripts.CreateAdmin 2018-01-08 17:36:13,384 com.ess_spp.common.BaseTest.initBrowser(BaseTest.java:76) Execution started on Browser:chrome 
com.ess.scripts.CreateAdmin 2018-01-08 17:36:13,391 com.ess_spp.common.BaseTest.initApplication(BaseTest.java:88) Browser:chrome 
com.ess.scripts.CreateAdmin 2018-01-08 17:37:51,846 com.ess_spp.common.BaseTest.initFrameWork(BaseTest.java:56) initializing ExtentReport 
com.ess.scripts.CreateAdmin 2018-01-08 17:37:51,984 com.ess_spp.common.BaseTest.initBrowser(BaseTest.java:76) Execution started on Browser:chrome 
com.ess.scripts.CreateAdmin 2018-01-08 17:37:51,992 com.ess_spp.common.BaseTest.initApplication(BaseTest.java:88) Browser:chrome 
com.ess.scripts.CreateAdmin 2018-01-08 17:38:40,829 com.ess_spp.common.BaseTest.initFrameWork(BaseTest.java:56) initializing ExtentReport 
com.ess.scripts.CreateAdmin 2018-01-08 17:38:40,975 com.ess_spp.common.BaseTest.initBrowser(BaseTest.java:76) Execution started on Browser:chrome 
com.ess.scripts.CreateAdmin 2018-01-08 17:38:40,986 com.ess_spp.common.BaseTest.initApplication(BaseTest.java:88) Browser:chrome 
com.ess.scripts.CreateAdmin 2018-01-08 18:14:32,583 com.ess_spp.common.BaseTest.initFrameWork(BaseTest.java:56) initializing ExtentReport 
com.ess.scripts.CreateAdmin 2018-01-08 18:14:32,829 com.ess_spp.common.BaseTest.initBrowser(BaseTest.java:76) Execution started on Browser:chrome 
com.ess.scripts.CreateAdmin 2018-01-08 18:14:32,840 com.ess_spp.common.BaseTest.initApplication(BaseTest.java:88) Browser:chrome 
com.ess.scripts.CreateAdmin 2018-01-08 18:14:48,968 com.ess_spp.common.BaseTest.initApplication(BaseTest.java:99) TimeOut:30 
com.ess.scripts.CreateAdmin 2018-01-08 18:14:48,992 com.ess_spp.common.BaseTest.preCondition(BaseTest.java:114) implicit login 
com.ess.scripts.CreateAdmin 2018-01-08 18:15:06,090 com.ess_spp.common.BaseTest.postCondition(BaseTest.java:131) implicit logout 
com.ess.scripts.CreateAdmin 2018-01-08 18:15:09,180 com.ess_spp.common.BaseTest.closeBrowser(BaseTest.java:82) Execution completed on Browser:chrome 
com.ess.scripts.CreateAdmin 2018-01-08 18:15:09,197 com.ess_spp.common.BaseTest.closeFrameWork(BaseTest.java:69) finalizing ExtentReport 
com.ess.scripts.CreateAdmin 2018-01-08 22:26:08,662 com.ess_spp.common.BaseTest.initFrameWork(BaseTest.java:56) initializing ExtentReport 
com.ess.scripts.CreateAdmin 2018-01-08 22:26:08,814 com.ess_spp.common.BaseTest.initBrowser(BaseTest.java:76) Execution started on Browser:chrome 
com.ess.scripts.CreateAdmin 2018-01-08 22:26:08,823 com.ess_spp.common.BaseTest.initApplication(BaseTest.java:88) Browser:chrome 
com.ess.scripts.CreateAdmin 2018-01-08 22:26:22,229 com.ess_spp.common.BaseTest.initApplication(BaseTest.java:99) TimeOut:30 
com.ess.scripts.CreateAdmin 2018-01-08 22:26:22,260 com.ess_spp.common.BaseTest.preCondition(BaseTest.java:123) explicit login required 
com.ess.scripts.CreateAdmin 2018-01-08 22:26:24,464 com.ess_spp.common.BaseTest.postCondition(BaseTest.java:138) explicit logout required 
com.ess.scripts.CreateAdmin 2018-01-08 22:26:25,912 com.ess_spp.common.BaseTest.closeBrowser(BaseTest.java:82) Execution completed on Browser:chrome 
com.ess.scripts.CreateAdmin 2018-01-08 22:26:25,935 com.ess_spp.common.BaseTest.closeFrameWork(BaseTest.java:69) finalizing ExtentReport 
com.ess.scripts.CreateAdmin 2018-01-08 22:27:26,149 com.ess_spp.common.BaseTest.initFrameWork(BaseTest.java:56) initializing ExtentReport 
com.ess.scripts.CreateAdmin 2018-01-08 22:27:26,299 com.ess_spp.common.BaseTest.initBrowser(BaseTest.java:76) Execution started on Browser:chrome 
com.ess.scripts.CreateAdmin 2018-01-08 22:27:26,307 com.ess_spp.common.BaseTest.initApplication(BaseTest.java:88) Browser:chrome 
com.ess.scripts.CreateAdmin 2018-01-08 22:27:37,646 com.ess_spp.common.BaseTest.initApplication(BaseTest.java:99) TimeOut:30 
com.ess.scripts.CreateAdmin 2018-01-08 22:27:37,670 com.ess_spp.common.BaseTest.preCondition(BaseTest.java:123) explicit login required 
com.ess.scripts.CreateAdmin 2018-01-08 22:27:49,009 com.ess_spp.common.BaseTest.postCondition(BaseTest.java:138) explicit logout required 
com.ess.scripts.CreateAdmin 2018-01-08 22:27:50,115 com.ess_spp.common.BaseTest.closeBrowser(BaseTest.java:82) Execution completed on Browser:chrome 
com.ess.scripts.CreateAdmin 2018-01-08 22:27:50,150 com.ess_spp.common.BaseTest.closeFrameWork(BaseTest.java:69) finalizing ExtentReport 
com.ess.scripts.LoginAdmin 2018-01-08 23:09:11,933 com.ess_spp.common.BaseTest.initFrameWork(BaseTest.java:56) initializing ExtentReport 
com.ess.scripts.LoginAdmin 2018-01-08 23:09:12,081 com.ess_spp.common.BaseTest.initBrowser(BaseTest.java:76) Execution started on Browser:chrome 
com.ess.scripts.LoginAdmin 2018-01-08 23:09:12,091 com.ess_spp.common.BaseTest.initApplication(BaseTest.java:88) Browser:chrome 
com.ess.scripts.LoginAdmin 2018-01-08 23:09:24,795 com.ess_spp.common.BaseTest.initApplication(BaseTest.java:99) TimeOut:30 
com.ess.scripts.LoginAdmin 2018-01-08 23:09:24,813 com.ess_spp.common.BaseTest.preCondition(BaseTest.java:123) explicit login required 
com.ess.scripts.LoginAdmin 2018-01-08 23:11:51,297 com.ess_spp.common.BaseTest.initFrameWork(BaseTest.java:56) initializing ExtentReport 
com.ess.scripts.LoginAdmin 2018-01-08 23:11:51,449 com.ess_spp.common.BaseTest.initBrowser(BaseTest.java:76) Execution started on Browser:chrome 
com.ess.scripts.LoginAdmin 2018-01-08 23:11:51,462 com.ess_spp.common.BaseTest.initApplication(BaseTest.java:88) Browser:chrome 
com.ess.scripts.LoginAdmin 2018-01-08 23:12:04,640 com.ess_spp.common.BaseTest.initApplication(BaseTest.java:99) TimeOut:30 
com.ess.scripts.LoginAdmin 2018-01-08 23:12:04,657 com.ess_spp.common.BaseTest.preCondition(BaseTest.java:123) explicit login required 
com.ess.scripts.LoginAdmin 2018-01-08 23:12:21,454 com.ess_spp.common.BaseTest.postCondition(BaseTest.java:138) explicit logout required 
com.ess.scripts.LoginAdmin 2018-01-08 23:12:22,658 com.ess_spp.common.BaseTest.closeBrowser(BaseTest.java:82) Execution completed on Browser:chrome 
com.ess.scripts.LoginAdmin 2018-01-08 23:12:22,677 com.ess_spp.common.BaseTest.closeFrameWork(BaseTest.java:69) finalizing ExtentReport 
com.ess.scripts.LoginAdmin 2018-01-08 23:15:04,693 com.ess_spp.common.BaseTest.initFrameWork(BaseTest.java:56) initializing ExtentReport 
com.ess.scripts.LoginAdmin 2018-01-08 23:15:04,834 com.ess_spp.common.BaseTest.initBrowser(BaseTest.java:76) Execution started on Browser:chrome 
com.ess.scripts.LoginAdmin 2018-01-08 23:15:04,842 com.ess_spp.common.BaseTest.initApplication(BaseTest.java:88) Browser:chrome 
com.ess.scripts.LoginAdmin 2018-01-08 23:15:19,764 com.ess_spp.common.BaseTest.initApplication(BaseTest.java:99) TimeOut:30 
com.ess.scripts.LoginAdmin 2018-01-08 23:15:19,784 com.ess_spp.common.BaseTest.preCondition(BaseTest.java:123) explicit login required 
com.ess.scripts.LoginAdmin 2018-01-08 23:15:36,883 com.ess_spp.common.BaseTest.postCondition(BaseTest.java:138) explicit logout required 
com.ess.scripts.LoginAdmin 2018-01-08 23:15:37,985 com.ess_spp.common.BaseTest.closeBrowser(BaseTest.java:82) Execution completed on Browser:chrome 
com.ess.scripts.LoginAdmin 2018-01-08 23:15:38,004 com.ess_spp.common.BaseTest.closeFrameWork(BaseTest.java:69) finalizing ExtentReport 
com.ess.scripts.LoginAdmin 2018-01-09 10:04:44,414 com.ess_spp.common.BaseTest.initFrameWork(BaseTest.java:56) initializing ExtentReport 
com.ess.scripts.LoginAdmin 2018-01-09 10:04:44,609 com.ess_spp.common.BaseTest.initBrowser(BaseTest.java:76) Execution started on Browser:chrome 
com.ess.scripts.LoginAdmin 2018-01-09 10:04:44,616 com.ess_spp.common.BaseTest.initApplication(BaseTest.java:88) Browser:chrome 
com.ess.scripts.LoginAdmin 2018-01-09 10:04:56,109 com.ess_spp.common.BaseTest.initApplication(BaseTest.java:99) TimeOut:30 
com.ess.scripts.LoginAdmin 2018-01-09 10:04:56,135 com.ess_spp.common.BaseTest.preCondition(BaseTest.java:123) explicit login required 
com.ess.scripts.LoginAdmin 2018-01-09 10:05:18,807 com.ess_spp.common.BaseTest.postCondition(BaseTest.java:138) explicit logout required 
com.ess.scripts.LoginAdmin 2018-01-09 10:05:20,464 com.ess_spp.common.BaseTest.closeBrowser(BaseTest.java:82) Execution completed on Browser:chrome 
com.ess.scripts.LoginAdmin 2018-01-09 10:05:20,503 com.ess_spp.common.BaseTest.closeFrameWork(BaseTest.java:69) finalizing ExtentReport 
com.ess.scripts.LoginAdmin 2018-01-09 10:23:37,438 com.ess_spp.common.BaseTest.initFrameWork(BaseTest.java:56) initializing ExtentReport 
com.ess.scripts.LoginAdmin 2018-01-09 10:23:37,574 com.ess_spp.common.BaseTest.initBrowser(BaseTest.java:76) Execution started on Browser:chrome 
com.ess.scripts.LoginAdmin 2018-01-09 10:23:37,585 com.ess_spp.common.BaseTest.initApplication(BaseTest.java:88) Browser:chrome 
com.ess.scripts.LoginAdmin 2018-01-09 10:23:48,830 com.ess_spp.common.BaseTest.initApplication(BaseTest.java:99) TimeOut:30 
com.ess.scripts.LoginAdmin 2018-01-09 10:23:48,844 com.ess_spp.common.BaseTest.preCondition(BaseTest.java:123) explicit login required 
com.ess.scripts.LoginAdmin 2018-01-09 10:24:05,926 com.ess_spp.common.BaseTest.postCondition(BaseTest.java:138) explicit logout required 
com.ess.scripts.LoginAdmin 2018-01-09 10:24:07,012 com.ess_spp.common.BaseTest.closeBrowser(BaseTest.java:82) Execution completed on Browser:chrome 
com.ess.scripts.LoginAdmin 2018-01-09 10:24:07,029 com.ess_spp.common.BaseTest.closeFrameWork(BaseTest.java:69) finalizing ExtentReport 
